0 info it worked if it ends with ok
1 verbose cli [ '/usr/local/bin/node',
1 verbose cli   '/usr/local/bin/npm',
1 verbose cli   'install',
1 verbose cli   '--save-dev',
1 verbose cli   'gulp-pngcrush' ]
2 info using npm@1.4.28
3 info using node@v0.10.35
4 verbose readDependencies using package.json deps
5 verbose cache add [ 'gulp-pngcrush', null ]
6 verbose cache add name=undefined spec="gulp-pngcrush" args=["gulp-pngcrush",null]
7 verbose parsed url { protocol: null,
7 verbose parsed url   slashes: null,
7 verbose parsed url   auth: null,
7 verbose parsed url   host: null,
7 verbose parsed url   port: null,
7 verbose parsed url   hostname: null,
7 verbose parsed url   hash: null,
7 verbose parsed url   search: null,
7 verbose parsed url   query: null,
7 verbose parsed url   pathname: 'gulp-pngcrush',
7 verbose parsed url   path: 'gulp-pngcrush',
7 verbose parsed url   href: 'gulp-pngcrush' }
8 silly lockFile 41c9768c-gulp-pngcrush gulp-pngcrush
9 verbose lock gulp-pngcrush /home/wan/.npm/41c9768c-gulp-pngcrush.lock
10 silly lockFile 41c9768c-gulp-pngcrush gulp-pngcrush
11 silly lockFile 41c9768c-gulp-pngcrush gulp-pngcrush
12 verbose addNamed [ 'gulp-pngcrush', '' ]
13 verbose addNamed [ null, '*' ]
14 silly lockFile 326fb124-gulp-pngcrush gulp-pngcrush@
15 verbose lock gulp-pngcrush@ /home/wan/.npm/326fb124-gulp-pngcrush.lock
16 silly addNameRange { name: 'gulp-pngcrush', range: '*', hasData: false }
17 verbose request where is /gulp-pngcrush
18 verbose request registry https://registry.npmjs.org/
19 verbose request id 4f3f105915cd086d
20 verbose url raw /gulp-pngcrush
21 verbose url resolving [ 'https://registry.npmjs.org/', './gulp-pngcrush' ]
22 verbose url resolved https://registry.npmjs.org/gulp-pngcrush
23 verbose request where is https://registry.npmjs.org/gulp-pngcrush
24 info trying registry request attempt 1 at 14:37:19
25 http GET https://registry.npmjs.org/gulp-pngcrush
26 http 404 https://registry.npmjs.org/gulp-pngcrush
27 verbose headers { date: 'Wed, 11 Mar 2015 21:37:27 GMT',
27 verbose headers   server: 'CouchDB/1.5.0 (Erlang OTP/R16B03)',
27 verbose headers   'content-type': 'application/json',
27 verbose headers   'cache-control': 'max-age=0',
27 verbose headers   'content-length': '52',
27 verbose headers   'accept-ranges': 'bytes',
27 verbose headers   via: '1.1 varnish',
27 verbose headers   age: '0',
27 verbose headers   'x-served-by': 'cache-jfk1023-JFK',
27 verbose headers   'x-cache': 'MISS',
27 verbose headers   'x-cache-hits': '0',
27 verbose headers   'x-timer': 'S1426109847.140540,VS0,VE356',
27 verbose headers   'keep-alive': 'timeout=10, max=50',
27 verbose headers   connection: 'Keep-Alive' }
28 silly registry.get cb [ 404,
28 silly registry.get   { date: 'Wed, 11 Mar 2015 21:37:27 GMT',
28 silly registry.get     server: 'CouchDB/1.5.0 (Erlang OTP/R16B03)',
28 silly registry.get     'content-type': 'application/json',
28 silly registry.get     'cache-control': 'max-age=0',
28 silly registry.get     'content-length': '52',
28 silly registry.get     'accept-ranges': 'bytes',
28 silly registry.get     via: '1.1 varnish',
28 silly registry.get     age: '0',
28 silly registry.get     'x-served-by': 'cache-jfk1023-JFK',
28 silly registry.get     'x-cache': 'MISS',
28 silly registry.get     'x-cache-hits': '0',
28 silly registry.get     'x-timer': 'S1426109847.140540,VS0,VE356',
28 silly registry.get     'keep-alive': 'timeout=10, max=50',
28 silly registry.get     connection: 'Keep-Alive' } ]
29 silly lockFile 326fb124-gulp-pngcrush gulp-pngcrush@
30 silly lockFile 326fb124-gulp-pngcrush gulp-pngcrush@
31 error 404 404 Not Found: gulp-pngcrush
31 error 404
31 error 404 'gulp-pngcrush' is not in the npm registry.
31 error 404 You should bug the author to publish it
31 error 404 It was specified as a dependency of 'workflows'
31 error 404
31 error 404 Note that you can also install from a
31 error 404 tarball, folder, or http url, or git url.
32 error System Linux 3.13.0-36-generic
33 error command "/usr/local/bin/node" "/usr/local/bin/npm" "install" "--save-dev" "gulp-pngcrush"
34 error cwd /home/wan/Desktop/angularjs/git/workflows
35 error node -v v0.10.35
36 error npm -v 1.4.28
37 error code E404
38 verbose exit [ 1, true ]
